ISim log file
Running: C:\Users\Kishore\Documents\MS\IMTEK\ILIAS\SS 2017\VLSI System Design\Project\code base\UKM910_INTR_HNDL\UKM910_TB_isim_beh.exe -intstyle ise -gui -tclbatch isim.cmd -wdb C:/Users/Kishore/Documents/MS/IMTEK/ILIAS/SS 2017/VLSI System Design/Project/code base/UKM910_INTR_HNDL/UKM910_TB_isim_beh.wdb 
ISim P.20131013 (signature 0x7708f090)
WARNING: A WEBPACK license was found.
WARNING: Please use Xilinx License Configuration Manager to check out a full ISim license.
WARNING: ISim will run in Lite mode. Please refer to the ISim documentation for more information on the differences between the Lite and the Full version.
This is a Lite version of ISim.
Time resolution is 1 ps
# onerror resume
# wave add /
# run 1000 ns
Simulator is doing circuit initialization process.
at 0 ps, Instance /ukm910_tb/uut/alunit/ : Warning: NUMERIC_STD."<": metavalue detected, returning FALSE
Finished circuit initialization process.
at 0 ps, Instance /ukm910_tb/uut/alunit/ : Warning: NUMERIC_STD."<": metavalue detected, returning FALSE
at 0 ps, Instance /ukm910_tb/uut/alunit/ : Warning: NUMERIC_STD."<": metavalue detected, returning FALSE
at 100 ns(1), Instance /ukm910_tb/mem/mem/ : Warning: There is an 'U'|'X'|'W'|'Z'|'-' in an arithmetic operand, the result will be 'X'(es).
at 100 ns(1), Instance /ukm910_tb/mem/mem/ : Warning: CONV_INTEGER: There is an 'U'|'X'|'W'|'Z'|'-' in an arithmetic operand, and it has been converted to 0.
at 300 ns(1), Instance /ukm910_tb/mem/mem/ : Warning: CONV_INTEGER: There is an 'U'|'X'|'W'|'Z'|'-' in an arithmetic operand, and it has been converted to 0.
at 900 ns(7), Instance /ukm910_tb/uut/alunit/ : Warning: NUMERIC_STD."<": metavalue detected, returning FALSE
ISim P.20131013 (signature 0x7708f090)
WARNING: A WEBPACK license was found.
WARNING: Please use Xilinx License Configuration Manager to check out a full ISim license.
WARNING: ISim will run in Lite mode. Please refer to the ISim documentation for more information on the differences between the Lite and the Full version.
This is a Lite version of ISim.
# run 1000 ns
Simulator is doing circuit initialization process.
at 0 ps, Instance /ukm910_tb/uut/alunit/ : Warning: NUMERIC_STD."<": metavalue detected, returning FALSE
Finished circuit initialization process.
at 0 ps, Instance /ukm910_tb/uut/alunit/ : Warning: NUMERIC_STD."<": metavalue detected, returning FALSE
at 0 ps, Instance /ukm910_tb/uut/alunit/ : Warning: NUMERIC_STD."<": metavalue detected, returning FALSE
at 100 ns(1), Instance /ukm910_tb/mem/mem/ : Warning: There is an 'U'|'X'|'W'|'Z'|'-' in an arithmetic operand, the result will be 'X'(es).
at 100 ns(1), Instance /ukm910_tb/mem/mem/ : Warning: CONV_INTEGER: There is an 'U'|'X'|'W'|'Z'|'-' in an arithmetic operand, and it has been converted to 0.
at 300 ns(1), Instance /ukm910_tb/mem/mem/ : Warning: CONV_INTEGER: There is an 'U'|'X'|'W'|'Z'|'-' in an arithmetic operand, and it has been converted to 0.
at 900 ns(7), Instance /ukm910_tb/uut/alunit/ : Warning: NUMERIC_STD."<": metavalue detected, returning FALSE
# run 150us
